<?xml version="1.0" encoding="UTF-8"?>
<!-- Generated by org.testng.reporters.JUnitReportReporter -->
<testsuite skipped="0" hostname="DESKTOP-JQI81VJ" name="com.testrunner.TestRunner" tests="1" failures="0" timestamp="28 Jun 2020 18:48:18 GMT" time="8.227" errors="0">
  <testcase name="feature" time="8.227" classname="com.testrunner.TestRunner"/>
</testsuite> <!-- com.testrunner.TestRunner -->
