<?xml version="1.0" encoding="UTF-8"?>
<!-- Generated by org.testng.reporters.JUnitReportReporter -->
<testsuite skipped="0" hostname="DESKTOP-JQI81VJ" name="com.javaprectice.TestNG" tests="1" failures="0" timestamp="2020-07-05T14:01:05 EDT" time="0.010" errors="0">
  <testcase name="abc" time="0.010" classname="com.javaprectice.TestNG"/>
  <system-out/>
</testsuite> <!-- com.javaprectice.TestNG -->
